2024-09-21 06:25:21,164 DEBUG game.managers.tournament_manager looking by 45453808-1a1c-42cd-bb2a-47b540e4290e 
2024-09-21 06:25:21,165 DEBUG game.managers.tournament_manager stored tournaments {} 
2024-09-21 06:25:21,165 DEBUG game.managers.tournament_manager create new tournament
2024-09-21 06:25:21,223 DEBUG game.managers.tournament_manager Tournament loop iteration start...
2024-09-21 06:25:21,224 DEBUG game.managers.tournament_manager 1s has passed sense the start of the tournament
2024-09-21 06:25:21,227 DEBUG game.managers.tournament_manager Added player mehdi                       to tournament 45453808-1a1c-42cd-bb2a-47b540e4290e
2024-09-21 06:25:22,225 DEBUG game.managers.tournament_manager 2s has passed sense the start of the tournament
2024-09-21 06:25:23,227 DEBUG game.managers.tournament_manager 3s has passed sense the start of the tournament
2024-09-21 06:25:24,228 DEBUG game.managers.tournament_manager 4s has passed sense the start of the tournament
2024-09-21 06:25:25,230 DEBUG game.managers.tournament_manager 5s has passed sense the start of the tournament
2024-09-21 06:25:26,231 DEBUG game.managers.tournament_manager 6s has passed sense the start of the tournament
2024-09-21 06:25:27,232 DEBUG game.managers.tournament_manager 7s has passed sense the start of the tournament
2024-09-21 06:25:27,714 DEBUG game.managers.tournament_manager looking by 45453808-1a1c-42cd-bb2a-47b540e4290e 
2024-09-21 06:25:27,714 DEBUG game.managers.tournament_manager stored tournaments {'45453808-1a1c-42cd-bb2a-47b540e4290e': <game.managers.tournament_manager.TournamentRoutine object at 0x752a284004f0>} 
2024-09-21 06:25:27,716 DEBUG game.managers.tournament_manager Added player ayoub                       to tournament 45453808-1a1c-42cd-bb2a-47b540e4290e
2024-09-21 06:25:28,238 DEBUG game.managers.tournament_manager 8s has passed sense the start of the tournament
2024-09-21 06:25:28,436 DEBUG game.managers.tournament_manager looking by 45453808-1a1c-42cd-bb2a-47b540e4290e 
2024-09-21 06:25:28,437 DEBUG game.managers.tournament_manager stored tournaments {'45453808-1a1c-42cd-bb2a-47b540e4290e': <game.managers.tournament_manager.TournamentRoutine object at 0x752a284004f0>} 
2024-09-21 06:25:28,439 DEBUG game.managers.tournament_manager Added player khadija                       to tournament 45453808-1a1c-42cd-bb2a-47b540e4290e
2024-09-21 06:25:29,243 DEBUG game.managers.tournament_manager 9s has passed sense the start of the tournament
2024-09-21 06:25:29,961 DEBUG game.managers.tournament_manager looking by 45453808-1a1c-42cd-bb2a-47b540e4290e 
2024-09-21 06:25:29,962 DEBUG game.managers.tournament_manager stored tournaments {'45453808-1a1c-42cd-bb2a-47b540e4290e': <game.managers.tournament_manager.TournamentRoutine object at 0x752a284004f0>} 
2024-09-21 06:25:29,963 DEBUG game.managers.tournament_manager Added player aitouna                       to tournament 45453808-1a1c-42cd-bb2a-47b540e4290e
2024-09-21 06:25:30,244 DEBUG game.managers.tournament_manager 10s has passed sense the start of the tournament
2024-09-21 06:25:31,246 DEBUG game.managers.tournament_manager 11s has passed sense the start of the tournament
2024-09-21 06:25:32,247 DEBUG game.managers.tournament_manager 12s has passed sense the start of the tournament
2024-09-21 06:25:33,248 DEBUG game.managers.tournament_manager 13s has passed sense the start of the tournament
2024-09-21 06:25:34,248 DEBUG game.managers.tournament_manager 14s has passed sense the start of the tournament
2024-09-21 06:25:35,249 DEBUG game.managers.tournament_manager 15s has passed sense the start of the tournament
2024-09-21 06:25:36,258 DEBUG game.managers.tournament_manager 16s has passed sense the start of the tournament
2024-09-21 06:25:37,260 DEBUG game.managers.tournament_manager 17s has passed sense the start of the tournament
2024-09-21 06:25:38,262 DEBUG game.managers.tournament_manager 18s has passed sense the start of the tournament
2024-09-21 06:25:39,263 DEBUG game.managers.tournament_manager 19s has passed sense the start of the tournament
2024-09-21 06:25:40,264 DEBUG game.managers.tournament_manager 20s has passed sense the start of the tournament
2024-09-21 06:25:41,266 DEBUG game.managers.tournament_manager 21s has passed sense the start of the tournament
2024-09-21 06:25:42,267 DEBUG game.managers.tournament_manager 22s has passed sense the start of the tournament
2024-09-21 06:25:43,269 DEBUG game.managers.tournament_manager 23s has passed sense the start of the tournament
2024-09-21 06:25:44,270 DEBUG game.managers.tournament_manager 24s has passed sense the start of the tournament
2024-09-21 06:25:45,271 DEBUG game.managers.tournament_manager 25s has passed sense the start of the tournament
2024-09-21 06:25:46,273 DEBUG game.managers.tournament_manager 26s has passed sense the start of the tournament
2024-09-21 06:25:47,274 DEBUG game.managers.tournament_manager 27s has passed sense the start of the tournament
2024-09-21 06:25:48,275 DEBUG game.managers.tournament_manager 28s has passed sense the start of the tournament
2024-09-21 06:25:49,276 DEBUG game.managers.tournament_manager 29s has passed sense the start of the tournament
2024-09-21 06:25:50,277 DEBUG game.managers.tournament_manager 30s has passed sense the start of the tournament
2024-09-21 06:25:50,277 DEBUG game.managers.tournament_manager Creating the Initial Tournament MatchUps for 45453808-1a1c-42cd-bb2a-47b540e4290e
2024-09-21 06:25:50,277 DEBUG game.managers.tournament_manager Creating the Tournament MatchUps for 45453808-1a1c-42cd-bb2a-47b540e4290e players [<User: mehdi>, <User: ayoub>, <User: khadija>, <User: aitouna>]
2024-09-21 06:25:50,558 DEBUG game.managers.tournament_manager Remaining Player are [<User: aitouna>, <User: khadija>]
2024-09-21 06:26:00,153 DEBUG game.managers.tournament_manager Removed player ayoub                      from tournament 45453808-1a1c-42cd-bb2a-47b540e4290e
2024-09-21 06:26:00,917 DEBUG game.managers.tournament_manager looking by 45453808-1a1c-42cd-bb2a-47b540e4290e 
2024-09-21 06:26:00,918 DEBUG game.managers.tournament_manager stored tournaments {'45453808-1a1c-42cd-bb2a-47b540e4290e': <game.managers.tournament_manager.TournamentRoutine object at 0x752a284004f0>} 
2024-09-21 06:26:00,921 DEBUG game.managers.tournament_manager Added player ayoub                       to tournament 45453808-1a1c-42cd-bb2a-47b540e4290e
2024-09-21 06:26:04,834 DEBUG game.managers.tournament_manager Removed player mehdi                      from tournament 45453808-1a1c-42cd-bb2a-47b540e4290e
2024-09-21 06:26:05,144 DEBUG game.managers.tournament_manager looking by 45453808-1a1c-42cd-bb2a-47b540e4290e 
2024-09-21 06:26:05,144 DEBUG game.managers.tournament_manager stored tournaments {'45453808-1a1c-42cd-bb2a-47b540e4290e': <game.managers.tournament_manager.TournamentRoutine object at 0x752a284004f0>} 
2024-09-21 06:26:05,146 DEBUG game.managers.tournament_manager Added player mehdi                       to tournament 45453808-1a1c-42cd-bb2a-47b540e4290e
2024-09-21 06:26:40,095 DEBUG game.managers.game_manager Notify Tournament asdasd called about the winner
2024-09-21 06:26:40,095 DEBUG game.managers.game_manager the Winner is mehdi
2024-09-21 06:26:40,251 INFO game.managers.tournament_manager A Round Completed Stats:Current Round Matches : 1tOtal Round Matches : 1
2024-09-21 06:26:40,280 INFO game.managers.tournament_manager A Round Completed Stats:Current Round Matches : 1tOtal Round Matches : 1
2024-09-21 06:26:40,301 INFO game.managers.tournament_manager A Round Completed Stats:Current Round Matches : 1tOtal Round Matches : 1
2024-09-21 06:26:40,321 INFO game.managers.tournament_manager A Round Completed Stats:Current Round Matches : 1tOtal Round Matches : 1
2024-09-21 06:26:40,367 INFO game.managers.tournament_manager PreParing Next Roundcurrent_round 2this round Winners [3]
2024-09-21 06:26:40,388 INFO game.managers.tournament_manager PreParing Next Roundcurrent_round 3this round Winners [3]
2024-09-21 06:26:40,411 INFO game.managers.tournament_manager PreParing Next Roundcurrent_round 4this round Winners []
2024-09-21 06:26:40,433 INFO game.managers.tournament_manager PreParing Next Roundcurrent_round 5this round Winners []
2024-09-21 06:26:40,490 DEBUG game.managers.tournament_manager Sending to Tournament group {'type': 'tournament_end', 'message': 'No Winner Found'}
2024-09-21 06:27:08,801 DEBUG game.managers.tournament_manager Removed player ayoub                      from tournament 45453808-1a1c-42cd-bb2a-47b540e4290e
2024-09-21 06:27:08,875 DEBUG game.managers.game_manager Notify Tournament asdasd called about the winner
2024-09-21 06:27:08,875 DEBUG game.managers.game_manager the Winner is mehdi
2024-09-21 06:27:09,073 INFO game.managers.tournament_manager A Round Completed Stats:Current Round Matches : 0tOtal Round Matches : 0
2024-09-21 06:27:09,107 INFO game.managers.tournament_manager A Round Completed Stats:Current Round Matches : 0tOtal Round Matches : 0
2024-09-21 06:27:09,144 INFO game.managers.tournament_manager A Round Completed Stats:Current Round Matches : 0tOtal Round Matches : 0
2024-09-21 06:27:09,248 INFO game.managers.tournament_manager PreParing Next Roundcurrent_round 6this round Winners []
2024-09-21 06:27:09,281 INFO game.managers.tournament_manager PreParing Next Roundcurrent_round 7this round Winners []
2024-09-21 06:27:09,356 INFO game.managers.tournament_manager PreParing Next Roundcurrent_round 8this round Winners []
2024-09-21 06:27:10,118 ERROR daphne.server Exception inside application: 'dict' object has no attribute 'encode'
Traceback (most recent call last):
  File "/usr/local/lib/python3.9/dist-packages/django/contrib/staticfiles/handlers.py", line 101, in __call__
    return await self.application(scope, receive, send)
  File "/usr/local/lib/python3.9/dist-packages/channels/routing.py", line 62, in __call__
    return await application(scope, receive, send)
  File "/var/app/transcendent/middlewares.py", line 31, in __call__
    return await self.app(scope, receive, send)
  File "/usr/local/lib/python3.9/dist-packages/channels/routing.py", line 132, in __call__
    return await application(
  File "/usr/local/lib/python3.9/dist-packages/channels/consumer.py", line 94, in app
    return await consumer(scope, receive, send)
  File "/usr/local/lib/python3.9/dist-packages/channels/consumer.py", line 58, in __call__
    await await_many_dispatch(
  File "/usr/local/lib/python3.9/dist-packages/channels/utils.py", line 50, in await_many_dispatch
    await dispatch(result)
  File "/usr/local/lib/python3.9/dist-packages/channels/consumer.py", line 73, in dispatch
    await handler(message)
  File "/var/app/game/consumers/in_game.py", line 54, in broadcast
    await self.send(text_data=event['message'])
  File "/usr/local/lib/python3.9/dist-packages/channels/generic/websocket.py", line 218, in send
    await super().send({"type": "websocket.send", "text": text_data})
  File "/usr/local/lib/python3.9/dist-packages/channels/consumer.py", line 81, in send
    await self.base_send(message)
  File "/usr/local/lib/python3.9/dist-packages/daphne/server.py", line 241, in handle_reply
    protocol.handle_reply(message)
  File "/usr/local/lib/python3.9/dist-packages/daphne/ws_protocol.py", line 207, in handle_reply
    self.serverSend(message["text"], False)
  File "/usr/local/lib/python3.9/dist-packages/daphne/ws_protocol.py", line 261, in serverSend
    self.sendMessage(content.encode("utf8"), binary)
AttributeError: 'dict' object has no attribute 'encode'
2024-09-21 06:27:10,423 DEBUG game.managers.tournament_manager looking by 45453808-1a1c-42cd-bb2a-47b540e4290e 
2024-09-21 06:27:10,423 DEBUG game.managers.tournament_manager stored tournaments {'45453808-1a1c-42cd-bb2a-47b540e4290e': <game.managers.tournament_manager.TournamentRoutine object at 0x752a284004f0>} 
2024-09-21 06:27:10,434 DEBUG game.managers.tournament_manager Added player ayoub                       to tournament 45453808-1a1c-42cd-bb2a-47b540e4290e
2024-09-21 06:27:10,778 DEBUG game.managers.tournament_manager Removed player mehdi                      from tournament 45453808-1a1c-42cd-bb2a-47b540e4290e
2024-09-21 06:27:11,229 DEBUG game.managers.tournament_manager looking by 45453808-1a1c-42cd-bb2a-47b540e4290e 
2024-09-21 06:27:11,229 DEBUG game.managers.tournament_manager stored tournaments {'45453808-1a1c-42cd-bb2a-47b540e4290e': <game.managers.tournament_manager.TournamentRoutine object at 0x752a284004f0>} 
2024-09-21 06:27:11,230 DEBUG game.managers.tournament_manager Added player mehdi                       to tournament 45453808-1a1c-42cd-bb2a-47b540e4290e
